0 info it worked if it ends with ok
1 verbose cli [ 'C:\\Program Files\\nodejs\\node.exe',
1 verbose cli   'C:\\Program Files\\nodejs\\node_modules\\npm\\bin\\npm-cli.js',
1 verbose cli   'install',
1 verbose cli   '-save',
1 verbose cli   '@types/togeojson' ]
2 info using npm@2.15.5
3 info using node@v4.4.6
4 verbose install initial load of C:\mongodb\src\geobase\package.json
5 verbose installManyTop reading scoped package data from C:\mongodb\src\geobase\node_modules\body-parser\package.json
6 verbose installManyTop reading scoped package data from C:\mongodb\src\geobase\node_modules\cookie-parser\package.json
7 verbose installManyTop reading scoped package data from C:\mongodb\src\geobase\node_modules\debug\package.json
8 verbose installManyTop reading scoped package data from C:\mongodb\src\geobase\node_modules\ejs\package.json
9 verbose installManyTop reading scoped package data from C:\mongodb\src\geobase\node_modules\express\package.json
10 verbose installManyTop reading scoped package data from C:\mongodb\src\geobase\node_modules\gulp-sourcemaps\package.json
11 verbose installManyTop reading scoped package data from C:\mongodb\src\geobase\node_modules\gulp-typescript\package.json
12 verbose installManyTop reading scoped package data from C:\mongodb\src\geobase\node_modules\morgan\package.json
13 verbose installManyTop reading scoped package data from C:\mongodb\src\geobase\node_modules\serve-favicon\package.json
14 verbose installManyTop reading scoped package data from C:\mongodb\src\geobase\node_modules\togeojson\package.json
15 verbose installManyTop reading scoped package data from C:\mongodb\src\geobase\node_modules\typescript\package.json
16 verbose installManyTop reading scoped package data from C:\mongodb\src\geobase\node_modules\@types\es6-promise\package.json
17 verbose installManyTop reading scoped package data from C:\mongodb\src\geobase\node_modules\@types\express\package.json
18 verbose installManyTop reading scoped package data from C:\mongodb\src\geobase\node_modules\@types\jquery\package.json
19 verbose installManyTop reading scoped package data from C:\mongodb\src\geobase\node_modules\@types\jqueryui\package.json
20 verbose installManyTop reading scoped package data from C:\mongodb\src\geobase\node_modules\@types\leaflet\package.json
21 verbose installManyTop reading scoped package data from C:\mongodb\src\geobase\node_modules\@types\mongodb\package.json
22 verbose readDependencies loading dependencies from C:\mongodb\src\geobase\package.json
23 silly cache add args [ '@types/togeojson', null ]
24 verbose cache add spec @types/togeojson
25 silly cache add parsed spec Result {
25 silly cache add   raw: '@types/togeojson',
25 silly cache add   scope: '@types',
25 silly cache add   name: '@types/togeojson',
25 silly cache add   rawSpec: '',
25 silly cache add   spec: 'latest',
25 silly cache add   type: 'tag' }
26 silly addNamed @types/togeojson@latest
27 verbose addNamed "latest" is being treated as a dist-tag for @types/togeojson
28 info addNameTag [ '@types/togeojson', 'latest' ]
29 silly mapToRegistry name @types/togeojson
30 silly mapToRegistry scope (from package name) @types
31 verbose mapToRegistry no registry URL found in name for scope @types
32 silly mapToRegistry using default registry
33 silly mapToRegistry registry https://registry.npmjs.org/
34 silly mapToRegistry data Result {
34 silly mapToRegistry   raw: '@types/togeojson',
34 silly mapToRegistry   scope: '@types',
34 silly mapToRegistry   name: '@types/togeojson',
34 silly mapToRegistry   rawSpec: '',
34 silly mapToRegistry   spec: 'latest',
34 silly mapToRegistry   type: 'tag' }
35 silly mapToRegistry uri https://registry.npmjs.org/@types%2ftogeojson
36 verbose addNameTag registry:https://registry.npmjs.org/@types%2ftogeojson not in flight; fetching
37 verbose request uri https://registry.npmjs.org/@types%2ftogeojson
38 verbose request no auth needed
39 info attempt registry request try #1 at 13:19:22
40 verbose request id 55e702604d5a7e97
41 http request GET https://registry.npmjs.org/@types%2ftogeojson
42 http 404 https://registry.npmjs.org/@types%2ftogeojson
43 verbose headers { 'content-type': 'application/json',
43 verbose headers   'cache-control': 'max-age=0',
43 verbose headers   'content-length': '2',
43 verbose headers   'accept-ranges': 'bytes',
43 verbose headers   date: 'Tue, 03 Jan 2017 04:19:21 GMT',
43 verbose headers   via: '1.1 varnish',
43 verbose headers   age: '0',
43 verbose headers   connection: 'keep-alive',
43 verbose headers   'x-served-by': 'cache-lax8633-LAX',
43 verbose headers   'x-cache': 'MISS',
43 verbose headers   'x-cache-hits': '0',
43 verbose headers   'x-timer': 'S1483417161.509371,VS0,VE180',
43 verbose headers   vary: 'Accept-Encoding' }
44 silly get cb [ 404,
44 silly get   { 'content-type': 'application/json',
44 silly get     'cache-control': 'max-age=0',
44 silly get     'content-length': '2',
44 silly get     'accept-ranges': 'bytes',
44 silly get     date: 'Tue, 03 Jan 2017 04:19:21 GMT',
44 silly get     via: '1.1 varnish',
44 silly get     age: '0',
44 silly get     connection: 'keep-alive',
44 silly get     'x-served-by': 'cache-lax8633-LAX',
44 silly get     'x-cache': 'MISS',
44 silly get     'x-cache-hits': '0',
44 silly get     'x-timer': 'S1483417161.509371,VS0,VE180',
44 silly get     vary: 'Accept-Encoding' } ]
45 verbose stack Error: Registry returned 404 for GET on https://registry.npmjs.org/@types%2ftogeojson
45 verbose stack     at makeError (C:\Program Files\nodejs\node_modules\npm\node_modules\npm-registry-client\lib\request.js:264:12)
45 verbose stack     at CachingRegistryClient.<anonymous> (C:\Program Files\nodejs\node_modules\npm\node_modules\npm-registry-client\lib\request.js:242:14)
45 verbose stack     at Request._callback (C:\Program Files\nodejs\node_modules\npm\node_modules\npm-registry-client\lib\request.js:172:14)
45 verbose stack     at Request.self.callback (C:\Program Files\nodejs\node_modules\npm\node_modules\request\request.js:200:22)
45 verbose stack     at emitTwo (events.js:87:13)
45 verbose stack     at Request.emit (events.js:172:7)
45 verbose stack     at Request.<anonymous> (C:\Program Files\nodejs\node_modules\npm\node_modules\request\request.js:1067:10)
45 verbose stack     at emitOne (events.js:82:20)
45 verbose stack     at Request.emit (events.js:169:7)
45 verbose stack     at IncomingMessage.<anonymous> (C:\Program Files\nodejs\node_modules\npm\node_modules\request\request.js:988:12)
46 verbose statusCode 404
47 verbose pkgid @types/togeojson
48 verbose cwd C:\mongodb\src\geobase
49 error Windows_NT 10.0.14393
50 error argv "C:\\Program Files\\nodejs\\node.exe" "C:\\Program Files\\nodejs\\node_modules\\npm\\bin\\npm-cli.js" "install" "-save" "@types/togeojson"
51 error node v4.4.6
52 error npm  v2.15.5
53 error code E404
54 error 404 Registry returned 404 for GET on https://registry.npmjs.org/@types%2ftogeojson
54 error 404
54 error 404 '@types/togeojson' is not in the npm registry.
54 error 404 You should bug the author to publish it (or use the name yourself!)
54 error 404 It was specified as a dependency of 'geobase'
54 error 404
54 error 404 Note that you can also install from a
54 error 404 tarball, folder, http url, or git url.
55 verbose exit [ 1, true ]
